<?xml version="1.0" encoding="UTF-8"?>
<coverage generated="1599909843811" clover="3.2.0">
  <project timestamp="1599909843811" name="All files">
    <metrics statements="26" coveredstatements="21" conditionals="21" coveredconditionals="9" methods="9" coveredmethods="8" elements="56" coveredelements="38" complexity="0" loc="26" ncloc="26" packages="2" files="3" classes="3"/>
    <package name="lib">
      <metrics statements="14" coveredstatements="10" conditionals="19" coveredconditionals="8" methods="4" coveredmethods="3"/>
      <file name="input.js" path="/home/waleed/notes/lib/input.js">
        <metrics statements="14" coveredstatements="10" conditionals="19" coveredconditionals="8" methods="4" coveredmethods="3"/>
        <line num="3" count="1" type="stmt"/>
        <line num="7" count="2" type="stmt"/>
        <line num="8" count="2" type="stmt"/>
        <line num="11" count="2" type="stmt"/>
        <line num="15" count="2" type="cond" truecount="3" falsecount="4"/>
        <line num="16" count="2" type="cond" truecount="1" falsecount="1"/>
        <line num="18" count="0" type="cond" truecount="0" falsecount="2"/>
        <line num="20" count="2" type="cond" truecount="1" falsecount="1"/>
        <line num="22" count="0" type="stmt"/>
        <line num="24" count="2" type="stmt"/>
        <line num="27" count="0" type="cond" truecount="0" falsecount="2"/>
        <line num="28" count="0" type="stmt"/>
        <line num="33" count="4" type="cond" truecount="3" falsecount="0"/>
        <line num="41" count="1" type="stmt"/>
      </file>
    </package>
    <package name="lib.model">
      <metrics statements="12" coveredstatements="11" conditionals="2" coveredconditionals="1" methods="5" coveredmethods="5"/>
      <file name="notes-collection.js" path="/home/waleed/notes/lib/model/notes-collection.js">
        <metrics statements="9" coveredstatements="8" conditionals="2" coveredconditionals="1" methods="5" coveredmethods="5"/>
        <line num="2" count="1" type="stmt"/>
        <line num="7" count="4" type="stmt"/>
        <line num="8" count="4" type="stmt"/>
        <line num="11" count="1" type="cond" truecount="1" falsecount="1"/>
        <line num="12" count="1" type="stmt"/>
        <line num="14" count="0" type="stmt"/>
        <line num="18" count="1" type="stmt"/>
        <line num="21" count="1" type="stmt"/>
        <line num="24" count="1" type="stmt"/>
      </file>
      <file name="notes-schema.js" path="/home/waleed/notes/lib/model/notes-schema.js">
        <metrics statements="3" coveredstatements="3" conditionals="0" coveredconditionals="0" methods="0" coveredmethods="0"/>
        <line num="4" count="1" type="stmt"/>
        <line num="6" count="1" type="stmt"/>
        <line num="12" count="1" type="stmt"/>
      </file>
    </package>
  </project>
</coverage>
