<?xml version="1.0" encoding="UTF-8"?>
<coverage generated="1600025804048" clover="3.2.0">
  <project timestamp="1600025804048" name="All files">
    <metrics statements="29" coveredstatements="26" conditionals="21" coveredconditionals="12" methods="9" coveredmethods="9" elements="59" coveredelements="47" complexity="0" loc="29" ncloc="29" packages="2" files="3" classes="3"/>
    <package name="lib">
      <metrics statements="17" coveredstatements="15" conditionals="19" coveredconditionals="11" methods="4" coveredmethods="4"/>
      <file name="input.js" path="/home/waleed/notes/lib/input.js">
        <metrics statements="17" coveredstatements="15" conditionals="19" coveredconditionals="11" methods="4" coveredmethods="4"/>
        <line num="3" count="1" type="stmt"/>
        <line num="7" count="4" type="stmt"/>
        <line num="8" count="4" type="stmt"/>
        <line num="9" count="4" type="stmt"/>
        <line num="10" count="4" type="stmt"/>
        <line num="12" count="4" type="stmt"/>
        <line num="16" count="5" type="cond" truecount="4" falsecount="3"/>
        <line num="17" count="5" type="cond" truecount="1" falsecount="1"/>
        <line num="19" count="0" type="cond" truecount="0" falsecount="2"/>
        <line num="21" count="5" type="cond" truecount="2" falsecount="0"/>
        <line num="23" count="1" type="stmt"/>
        <line num="25" count="4" type="stmt"/>
        <line num="28" count="1" type="stmt"/>
        <line num="29" count="1" type="cond" truecount="1" falsecount="1"/>
        <line num="30" count="0" type="stmt"/>
        <line num="35" count="6" type="cond" truecount="3" falsecount="0"/>
        <line num="43" count="1" type="stmt"/>
      </file>
    </package>
    <package name="lib.model">
      <metrics statements="12" coveredstatements="11" conditionals="2" coveredconditionals="1" methods="5" coveredmethods="5"/>
      <file name="notes-collection.js" path="/home/waleed/notes/lib/model/notes-collection.js">
        <metrics statements="9" coveredstatements="8" conditionals="2" coveredconditionals="1" methods="5" coveredmethods="5"/>
        <line num="2" count="1" type="stmt"/>
        <line num="7" count="4" type="stmt"/>
        <line num="8" count="4" type="stmt"/>
        <line num="11" count="1" type="cond" truecount="1" falsecount="1"/>
        <line num="12" count="1" type="stmt"/>
        <line num="14" count="0" type="stmt"/>
        <line num="18" count="1" type="stmt"/>
        <line num="21" count="1" type="stmt"/>
        <line num="24" count="1" type="stmt"/>
      </file>
      <file name="notes-schema.js" path="/home/waleed/notes/lib/model/notes-schema.js">
        <metrics statements="3" coveredstatements="3" conditionals="0" coveredconditionals="0" methods="0" coveredmethods="0"/>
        <line num="4" count="1" type="stmt"/>
        <line num="6" count="1" type="stmt"/>
        <line num="12" count="1" type="stmt"/>
      </file>
    </package>
  </project>
</coverage>
