{"/home/waleed/notes/lib/input.js": {"path":"/home/waleed/notes/lib/input.js","statementMap":{"0":{"start":{"line":3,"column":17},"end":{"line":3,"column":36}},"1":{"start":{"line":7,"column":17},"end":{"line":7,"column":48}},"2":{"start":{"line":8,"column":4},"end":{"line":8,"column":39}},"3":{"start":{"line":9,"column":4},"end":{"line":9,"column":20}},"4":{"start":{"line":14,"column":4},"end":{"line":15,"column":48}},"5":{"start":{"line":14,"column":32},"end":{"line":14,"column":75}},"6":{"start":{"line":15,"column":8},"end":{"line":15,"column":46}},"7":{"start":{"line":19,"column":4},"end":{"line":20,"column":40}},"8":{"start":{"line":19,"column":22},"end":{"line":19,"column":61}},"9":{"start":{"line":20,"column":11},"end":{"line":20,"column":38}},"10":{"start":{"line":23,"column":4},"end":{"line":23,"column":41}},"11":{"start":{"line":24,"column":4},"end":{"line":24,"column":32}},"12":{"start":{"line":25,"column":4},"end":{"line":25,"column":37}},"13":{"start":{"line":26,"column":4},"end":{"line":26,"column":37}},"14":{"start":{"line":32,"column":0},"end":{"line":32,"column":23}}},"fnMap":{"0":{"name":"(anonymous_0)","decl":{"start":{"line":6,"column":2},"end":{"line":6,"column":3}},"loc":{"start":{"line":6,"column":16},"end":{"line":11,"column":3}},"line":6},"1":{"name":"(anonymous_1)","decl":{"start":{"line":13,"column":2},"end":{"line":13,"column":3}},"loc":{"start":{"line":13,"column":20},"end":{"line":16,"column":3}},"line":13},"2":{"name":"(anonymous_2)","decl":{"start":{"line":18,"column":2},"end":{"line":18,"column":3}},"loc":{"start":{"line":18,"column":19},"end":{"line":21,"column":3}},"line":18},"3":{"name":"(anonymous_3)","decl":{"start":{"line":22,"column":2},"end":{"line":22,"column":3}},"loc":{"start":{"line":22,"column":14},"end":{"line":27,"column":3}},"line":22}},"branchMap":{"0":{"loc":{"start":{"line":14,"column":4},"end":{"line":15,"column":48}},"type":"if","locations":[{"start":{"line":14,"column":4},"end":{"line":15,"column":48}},{"start":{"line":14,"column":4},"end":{"line":15,"column":48}}],"line":14},"1":{"loc":{"start":{"line":14,"column":8},"end":{"line":14,"column":30}},"type":"binary-expr","locations":[{"start":{"line":14,"column":8},"end":{"line":14,"column":16}},{"start":{"line":14,"column":20},"end":{"line":14,"column":30}}],"line":14},"2":{"loc":{"start":{"line":14,"column":51},"end":{"line":14,"column":73}},"type":"binary-expr","locations":[{"start":{"line":14,"column":51},"end":{"line":14,"column":59}},{"start":{"line":14,"column":63},"end":{"line":14,"column":73}}],"line":14},"3":{"loc":{"start":{"line":18,"column":9},"end":{"line":18,"column":17}},"type":"default-arg","locations":[{"start":{"line":18,"column":15},"end":{"line":18,"column":17}}],"line":18},"4":{"loc":{"start":{"line":19,"column":4},"end":{"line":20,"column":40}},"type":"if","locations":[{"start":{"line":19,"column":4},"end":{"line":20,"column":40}},{"start":{"line":19,"column":4},"end":{"line":20,"column":40}}],"line":19},"5":{"loc":{"start":{"line":26,"column":11},"end":{"line":26,"column":36}},"type":"binary-expr","locations":[{"start":{"line":26,"column":12},"end":{"line":26,"column":18}},{"start":{"line":26,"column":25},"end":{"line":26,"column":36}}],"line":26}},"s":{"0":1,"1":2,"2":2,"3":2,"4":2,"5":2,"6":0,"7":2,"8":2,"9":0,"10":4,"11":4,"12":4,"13":4,"14":1},"f":{"0":2,"1":2,"2":2,"3":4},"b":{"0":[2,0],"1":[2,0],"2":[2,0],"3":[0],"4":[2,0],"5":[4,3]},"_coverageSchema":"1a1c01bbd47fc00a2c39e90264f33305004495a9","hash":"a6caa3dd04ca4d84d61e3cccfef00c219a688c19"}
,"/home/waleed/notes/lib/notes.js": {"path":"/home/waleed/notes/lib/notes.js","statementMap":{"0":{"start":{"line":5,"column":4},"end":{"line":5,"column":28}},"1":{"start":{"line":9,"column":4},"end":{"line":10,"column":42}},"2":{"start":{"line":9,"column":78},"end":{"line":9,"column":98}},"3":{"start":{"line":10,"column":10},"end":{"line":10,"column":40}},"4":{"start":{"line":14,"column":4},"end":{"line":14,"column":40}},"5":{"start":{"line":15,"column":4},"end":{"line":15,"column":52}},"6":{"start":{"line":17,"column":4},"end":{"line":17,"column":51}},"7":{"start":{"line":21,"column":0},"end":{"line":21,"column":23}}},"fnMap":{"0":{"name":"(anonymous_0)","decl":{"start":{"line":4,"column":2},"end":{"line":4,"column":3}},"loc":{"start":{"line":4,"column":25},"end":{"line":6,"column":3}},"line":4},"1":{"name":"(anonymous_1)","decl":{"start":{"line":8,"column":2},"end":{"line":8,"column":3}},"loc":{"start":{"line":8,"column":21},"end":{"line":11,"column":3}},"line":8},"2":{"name":"(anonymous_2)","decl":{"start":{"line":13,"column":2},"end":{"line":13,"column":3}},"loc":{"start":{"line":13,"column":17},"end":{"line":18,"column":3}},"line":13}},"branchMap":{"0":{"loc":{"start":{"line":9,"column":4},"end":{"line":10,"column":42}},"type":"if","locations":[{"start":{"line":9,"column":4},"end":{"line":10,"column":42}},{"start":{"line":9,"column":4},"end":{"line":10,"column":42}}],"line":9},"1":{"loc":{"start":{"line":9,"column":7},"end":{"line":9,"column":74}},"type":"binary-expr","locations":[{"start":{"line":9,"column":7},"end":{"line":9,"column":40}},{"start":{"line":9,"column":43},"end":{"line":9,"column":74}}],"line":9}},"s":{"0":3,"1":3,"2":1,"3":2,"4":1,"5":1,"6":1,"7":1},"f":{"0":3,"1":3,"2":1},"b":{"0":[1,2],"1":[3,2]},"_coverageSchema":"1a1c01bbd47fc00a2c39e90264f33305004495a9","hash":"5048423e251bd9ce55508b00cf441da3de493b50"}
}
