{"/home/waleed/notes/lib/input.js": {"path":"/home/waleed/notes/lib/input.js","statementMap":{"0":{"start":{"line":3,"column":17},"end":{"line":3,"column":36}},"1":{"start":{"line":7,"column":17},"end":{"line":7,"column":48}},"2":{"start":{"line":8,"column":4},"end":{"line":8,"column":40}},"3":{"start":{"line":11,"column":4},"end":{"line":11,"column":20}},"4":{"start":{"line":15,"column":4},"end":{"line":24,"column":44}},"5":{"start":{"line":15,"column":39},"end":{"line":15,"column":88}},"6":{"start":{"line":16,"column":9},"end":{"line":24,"column":44}},"7":{"start":{"line":18,"column":6},"end":{"line":18,"column":60}},"8":{"start":{"line":20,"column":9},"end":{"line":24,"column":44}},"9":{"start":{"line":22,"column":6},"end":{"line":22,"column":47}},"10":{"start":{"line":24,"column":11},"end":{"line":24,"column":42}},"11":{"start":{"line":27,"column":4},"end":{"line":28,"column":36}},"12":{"start":{"line":27,"column":24},"end":{"line":27,"column":78}},"13":{"start":{"line":28,"column":11},"end":{"line":28,"column":34}},"14":{"start":{"line":33,"column":4},"end":{"line":33,"column":47}},"15":{"start":{"line":41,"column":0},"end":{"line":41,"column":23}}},"fnMap":{"0":{"name":"(anonymous_0)","decl":{"start":{"line":6,"column":2},"end":{"line":6,"column":3}},"loc":{"start":{"line":6,"column":16},"end":{"line":12,"column":3}},"line":6},"1":{"name":"(anonymous_1)","decl":{"start":{"line":14,"column":2},"end":{"line":14,"column":3}},"loc":{"start":{"line":14,"column":18},"end":{"line":25,"column":3}},"line":14},"2":{"name":"(anonymous_2)","decl":{"start":{"line":26,"column":2},"end":{"line":26,"column":3}},"loc":{"start":{"line":26,"column":28},"end":{"line":29,"column":3}},"line":26},"3":{"name":"(anonymous_3)","decl":{"start":{"line":31,"column":2},"end":{"line":31,"column":3}},"loc":{"start":{"line":31,"column":14},"end":{"line":35,"column":3}},"line":31}},"branchMap":{"0":{"loc":{"start":{"line":15,"column":4},"end":{"line":24,"column":44}},"type":"if","locations":[{"start":{"line":15,"column":4},"end":{"line":24,"column":44}},{"start":{"line":15,"column":4},"end":{"line":24,"column":44}}],"line":15},"1":{"loc":{"start":{"line":15,"column":8},"end":{"line":15,"column":37}},"type":"binary-expr","locations":[{"start":{"line":15,"column":9},"end":{"line":15,"column":15}},{"start":{"line":15,"column":19},"end":{"line":15,"column":27}},{"start":{"line":15,"column":31},"end":{"line":15,"column":37}}],"line":15},"2":{"loc":{"start":{"line":15,"column":60},"end":{"line":15,"column":78}},"type":"binary-expr","locations":[{"start":{"line":15,"column":60},"end":{"line":15,"column":66}},{"start":{"line":15,"column":70},"end":{"line":15,"column":78}}],"line":15},"3":{"loc":{"start":{"line":16,"column":9},"end":{"line":24,"column":44}},"type":"if","locations":[{"start":{"line":16,"column":9},"end":{"line":24,"column":44}},{"start":{"line":16,"column":9},"end":{"line":24,"column":44}}],"line":16},"4":{"loc":{"start":{"line":18,"column":39},"end":{"line":18,"column":59}},"type":"binary-expr","locations":[{"start":{"line":18,"column":39},"end":{"line":18,"column":48}},{"start":{"line":18,"column":50},"end":{"line":18,"column":59}}],"line":18},"5":{"loc":{"start":{"line":20,"column":9},"end":{"line":24,"column":44}},"type":"if","locations":[{"start":{"line":20,"column":9},"end":{"line":24,"column":44}},{"start":{"line":20,"column":9},"end":{"line":24,"column":44}}],"line":20},"6":{"loc":{"start":{"line":26,"column":11},"end":{"line":26,"column":23}},"type":"default-arg","locations":[{"start":{"line":26,"column":19},"end":{"line":26,"column":23}}],"line":26},"7":{"loc":{"start":{"line":27,"column":4},"end":{"line":28,"column":36}},"type":"if","locations":[{"start":{"line":27,"column":4},"end":{"line":28,"column":36}},{"start":{"line":27,"column":4},"end":{"line":28,"column":36}}],"line":27},"8":{"loc":{"start":{"line":33,"column":11},"end":{"line":33,"column":47}},"type":"binary-expr","locations":[{"start":{"line":33,"column":12},"end":{"line":33,"column":18}},{"start":{"line":33,"column":22},"end":{"line":33,"column":30}},{"start":{"line":33,"column":35},"end":{"line":33,"column":47}}],"line":33}},"s":{"0":1,"1":2,"2":2,"3":2,"4":2,"5":0,"6":2,"7":0,"8":2,"9":0,"10":2,"11":0,"12":0,"13":0,"14":4,"15":1},"f":{"0":2,"1":2,"2":0,"3":4},"b":{"0":[0,2],"1":[2,0,2],"2":[0,0],"3":[0,2],"4":[0,0],"5":[0,2],"6":[0],"7":[0,0],"8":[4,1,3]},"_coverageSchema":"1a1c01bbd47fc00a2c39e90264f33305004495a9","hash":"7e0f1db95cfa25deea8ac272640a769fbc93dc1c"}
,"/home/waleed/notes/lib/notes.js": {"path":"/home/waleed/notes/lib/notes.js","statementMap":{"0":{"start":{"line":2,"column":14},"end":{"line":2,"column":48}},"1":{"start":{"line":7,"column":4},"end":{"line":7,"column":23}},"2":{"start":{"line":13,"column":4},"end":{"line":26,"column":34}},"3":{"start":{"line":14,"column":17},"end":{"line":14,"column":34}},"4":{"start":{"line":15,"column":6},"end":{"line":15,"column":21}},"5":{"start":{"line":17,"column":9},"end":{"line":26,"column":34}},"6":{"start":{"line":18,"column":6},"end":{"line":18,"column":21}},"7":{"start":{"line":20,"column":9},"end":{"line":26,"column":34}},"8":{"start":{"line":21,"column":6},"end":{"line":21,"column":42}},"9":{"start":{"line":22,"column":11},"end":{"line":26,"column":34}},"10":{"start":{"line":23,"column":6},"end":{"line":23,"column":30}},"11":{"start":{"line":26,"column":11},"end":{"line":26,"column":32}},"12":{"start":{"line":29,"column":4},"end":{"line":29,"column":35}},"13":{"start":{"line":30,"column":4},"end":{"line":30,"column":54}},"14":{"start":{"line":31,"column":4},"end":{"line":31,"column":36}},"15":{"start":{"line":33,"column":4},"end":{"line":33,"column":58}},"16":{"start":{"line":38,"column":17},"end":{"line":38,"column":35}},"17":{"start":{"line":39,"column":16},"end":{"line":39,"column":35}},"18":{"start":{"line":40,"column":4},"end":{"line":40,"column":49}},"19":{"start":{"line":41,"column":4},"end":{"line":41,"column":17}},"20":{"start":{"line":44,"column":4},"end":{"line":44,"column":38}},"21":{"start":{"line":45,"column":19},"end":{"line":45,"column":37}},"22":{"start":{"line":46,"column":4},"end":{"line":46,"column":25}},"23":{"start":{"line":47,"column":4},"end":{"line":47,"column":20}},"24":{"start":{"line":50,"column":4},"end":{"line":50,"column":43}},"25":{"start":{"line":51,"column":19},"end":{"line":51,"column":37}},"26":{"start":{"line":52,"column":22},"end":{"line":52,"column":24}},"27":{"start":{"line":53,"column":4},"end":{"line":57,"column":5}},"28":{"start":{"line":53,"column":17},"end":{"line":53,"column":18}},"29":{"start":{"line":54,"column":6},"end":{"line":56,"column":7}},"30":{"start":{"line":55,"column":8},"end":{"line":55,"column":38}},"31":{"start":{"line":58,"column":4},"end":{"line":58,"column":28}},"32":{"start":{"line":59,"column":4},"end":{"line":59,"column":23}},"33":{"start":{"line":63,"column":4},"end":{"line":63,"column":34}},"34":{"start":{"line":64,"column":17},"end":{"line":64,"column":50}},"35":{"start":{"line":65,"column":4},"end":{"line":65,"column":24}},"36":{"start":{"line":69,"column":0},"end":{"line":69,"column":23}}},"fnMap":{"0":{"name":"(anonymous_0)","decl":{"start":{"line":5,"column":2},"end":{"line":5,"column":3}},"loc":{"start":{"line":5,"column":20},"end":{"line":9,"column":3}},"line":5},"1":{"name":"(anonymous_1)","decl":{"start":{"line":11,"column":2},"end":{"line":11,"column":3}},"loc":{"start":{"line":11,"column":19},"end":{"line":27,"column":3}},"line":11},"2":{"name":"(anonymous_2)","decl":{"start":{"line":28,"column":2},"end":{"line":28,"column":3}},"loc":{"start":{"line":28,"column":15},"end":{"line":34,"column":3}},"line":28},"3":{"name":"(anonymous_3)","decl":{"start":{"line":36,"column":2},"end":{"line":36,"column":3}},"loc":{"start":{"line":36,"column":22},"end":{"line":42,"column":3}},"line":36},"4":{"name":"(anonymous_4)","decl":{"start":{"line":43,"column":2},"end":{"line":43,"column":3}},"loc":{"start":{"line":43,"column":18},"end":{"line":48,"column":3}},"line":43},"5":{"name":"(anonymous_5)","decl":{"start":{"line":49,"column":2},"end":{"line":49,"column":3}},"loc":{"start":{"line":49,"column":29},"end":{"line":60,"column":3}},"line":49},"6":{"name":"(anonymous_6)","decl":{"start":{"line":62,"column":2},"end":{"line":62,"column":3}},"loc":{"start":{"line":62,"column":19},"end":{"line":66,"column":3}},"line":62}},"branchMap":{"0":{"loc":{"start":{"line":13,"column":4},"end":{"line":26,"column":34}},"type":"if","locations":[{"start":{"line":13,"column":4},"end":{"line":26,"column":34}},{"start":{"line":13,"column":4},"end":{"line":26,"column":34}}],"line":13},"1":{"loc":{"start":{"line":13,"column":8},"end":{"line":13,"column":58}},"type":"binary-expr","locations":[{"start":{"line":13,"column":8},"end":{"line":13,"column":32}},{"start":{"line":13,"column":36},"end":{"line":13,"column":58}}],"line":13},"2":{"loc":{"start":{"line":17,"column":9},"end":{"line":26,"column":34}},"type":"if","locations":[{"start":{"line":17,"column":9},"end":{"line":26,"column":34}},{"start":{"line":17,"column":9},"end":{"line":26,"column":34}}],"line":17},"3":{"loc":{"start":{"line":17,"column":13},"end":{"line":17,"column":67}},"type":"binary-expr","locations":[{"start":{"line":17,"column":13},"end":{"line":17,"column":38}},{"start":{"line":17,"column":42},"end":{"line":17,"column":67}}],"line":17},"4":{"loc":{"start":{"line":20,"column":9},"end":{"line":26,"column":34}},"type":"if","locations":[{"start":{"line":20,"column":9},"end":{"line":26,"column":34}},{"start":{"line":20,"column":9},"end":{"line":26,"column":34}}],"line":20},"5":{"loc":{"start":{"line":20,"column":13},"end":{"line":20,"column":65}},"type":"binary-expr","locations":[{"start":{"line":20,"column":13},"end":{"line":20,"column":38}},{"start":{"line":20,"column":42},"end":{"line":20,"column":65}}],"line":20},"6":{"loc":{"start":{"line":22,"column":11},"end":{"line":26,"column":34}},"type":"if","locations":[{"start":{"line":22,"column":11},"end":{"line":26,"column":34}},{"start":{"line":22,"column":11},"end":{"line":26,"column":34}}],"line":22},"7":{"loc":{"start":{"line":54,"column":6},"end":{"line":56,"column":7}},"type":"if","locations":[{"start":{"line":54,"column":6},"end":{"line":56,"column":7}},{"start":{"line":54,"column":6},"end":{"line":56,"column":7}}],"line":54}},"s":{"0":1,"1":3,"2":3,"3":0,"4":0,"5":3,"6":0,"7":3,"8":0,"9":3,"10":0,"11":3,"12":0,"13":0,"14":0,"15":0,"16":0,"17":0,"18":0,"19":0,"20":0,"21":0,"22":0,"23":0,"24":0,"25":0,"26":0,"27":0,"28":0,"29":0,"30":0,"31":0,"32":0,"33":0,"34":0,"35":0,"36":1},"f":{"0":3,"1":3,"2":0,"3":0,"4":0,"5":0,"6":0},"b":{"0":[0,3],"1":[3,3],"2":[0,3],"3":[3,0],"4":[0,3],"5":[3,0],"6":[0,3],"7":[0,0]},"_coverageSchema":"1a1c01bbd47fc00a2c39e90264f33305004495a9","hash":"ed6b5300d529490dbdc3a41a0e067a34bf0bd7b2"}
,"/home/waleed/notes/lib/model/notes.schema.js": {"path":"/home/waleed/notes/lib/model/notes.schema.js","statementMap":{"0":{"start":{"line":4,"column":17},"end":{"line":4,"column":36}},"1":{"start":{"line":6,"column":14},"end":{"line":9,"column":2}},"2":{"start":{"line":11,"column":0},"end":{"line":11,"column":48}}},"fnMap":{},"branchMap":{},"s":{"0":1,"1":1,"2":1},"f":{},"b":{},"_coverageSchema":"1a1c01bbd47fc00a2c39e90264f33305004495a9","hash":"35a13d639c9907978467f38ddf6365aebf33aa69"}
}
