TN:
SF:lib/input.js
FN:13,(anonymous_0)
FN:21,(anonymous_1)
FN:27,(anonymous_2)
FN:33,(anonymous_3)
FNF:4
FNH:4
FNDA:2,(anonymous_0)
FNDA:2,(anonymous_1)
FNDA:2,(anonymous_2)
FNDA:2,(anonymous_3)
DA:10,1
DA:15,2
DA:16,2
DA:17,2
DA:18,2
DA:22,2
DA:23,2
DA:24,2
DA:25,0
DA:28,2
DA:29,2
DA:30,2
DA:31,0
DA:35,2
DA:43,1
DA:46,1
LF:16
LH:14
BRDA:18,0,0,2
BRDA:18,0,1,2
BRDA:23,1,0,0
BRDA:23,1,1,2
BRDA:24,2,0,2
BRDA:24,2,1,0
BRDA:29,3,0,2
BRDA:29,3,1,0
BRDA:35,4,0,2
BRDA:35,4,1,1
BRDA:35,4,2,1
BRF:11
BRH:8
end_of_record
TN:
SF:lib/notes.js
FN:88,(anonymous_0)
FN:95,(anonymous_1)
FN:102,(anonymous_2)
FNF:3
FNH:1
FNDA:3,(anonymous_0)
FNDA:0,(anonymous_1)
FNDA:0,(anonymous_2)
DA:89,3
DA:90,3
DA:91,3
DA:96,0
DA:99,0
DA:104,0
DA:108,0
DA:113,1
LF:8
LH:4
BRDA:96,0,0,0
BRDA:96,0,1,0
BRDA:96,1,0,0
BRDA:96,1,1,0
BRF:4
BRH:0
end_of_record
