TN:
SF:lib/input.js
FN:6,(anonymous_0)
FN:14,(anonymous_1)
FN:26,(anonymous_2)
FN:31,(anonymous_3)
FNF:4
FNH:3
FNDA:2,(anonymous_0)
FNDA:2,(anonymous_1)
FNDA:0,(anonymous_2)
FNDA:4,(anonymous_3)
DA:3,1
DA:7,2
DA:8,2
DA:11,2
DA:15,2
DA:16,2
DA:18,0
DA:20,2
DA:22,0
DA:24,2
DA:27,0
DA:28,0
DA:33,4
DA:41,1
LF:14
LH:10
BRDA:15,0,0,0
BRDA:15,0,1,2
BRDA:15,1,0,2
BRDA:15,1,1,0
BRDA:15,1,2,2
BRDA:15,2,0,0
BRDA:15,2,1,0
BRDA:16,3,0,0
BRDA:16,3,1,2
BRDA:18,4,0,0
BRDA:18,4,1,0
BRDA:20,5,0,0
BRDA:20,5,1,2
BRDA:26,6,0,0
BRDA:27,7,0,0
BRDA:27,7,1,0
BRDA:33,8,0,4
BRDA:33,8,1,1
BRDA:33,8,2,3
BRF:19
BRH:8
end_of_record
TN:
SF:lib/notes.js
FN:5,(anonymous_0)
FN:11,(anonymous_1)
FN:28,(anonymous_2)
FN:36,(anonymous_3)
FN:43,(anonymous_4)
FN:49,(anonymous_5)
FN:62,(anonymous_6)
FNF:7
FNH:2
FNDA:3,(anonymous_0)
FNDA:3,(anonymous_1)
FNDA:0,(anonymous_2)
FNDA:0,(anonymous_3)
FNDA:0,(anonymous_4)
FNDA:0,(anonymous_5)
FNDA:0,(anonymous_6)
DA:2,1
DA:7,3
DA:13,3
DA:14,0
DA:15,0
DA:17,3
DA:18,0
DA:20,3
DA:21,0
DA:22,3
DA:23,0
DA:26,3
DA:29,0
DA:30,0
DA:31,0
DA:33,0
DA:38,0
DA:39,0
DA:40,0
DA:41,0
DA:44,0
DA:45,0
DA:46,0
DA:47,0
DA:50,0
DA:51,0
DA:52,0
DA:53,0
DA:54,0
DA:55,0
DA:58,0
DA:59,0
DA:63,0
DA:64,0
DA:65,0
DA:69,1
LF:36
LH:8
BRDA:13,0,0,0
BRDA:13,0,1,3
BRDA:13,1,0,3
BRDA:13,1,1,3
BRDA:17,2,0,0
BRDA:17,2,1,3
BRDA:17,3,0,3
BRDA:17,3,1,0
BRDA:20,4,0,0
BRDA:20,4,1,3
BRDA:20,5,0,3
BRDA:20,5,1,0
BRDA:22,6,0,0
BRDA:22,6,1,3
BRDA:54,7,0,0
BRDA:54,7,1,0
BRF:16
BRH:8
end_of_record
TN:
SF:lib/model/notes.schema.js
FNF:0
FNH:0
DA:4,1
DA:6,1
DA:11,1
LF:3
LH:3
BRF:0
BRH:0
end_of_record
